<project xmlns="http://maven.apache.org/POM/4.0.0" xmlns:xsi="http://www.w3.org/2001/XMLSchema-instance" xsi:schemaLocation="http://maven.apache.org/POM/4.0.0 http://maven.apache.org/maven-v4_0_0.xsd">
    <modelVersion>4.0.0</modelVersion>
    <groupId>com.atlassian.plugins</groupId>
    <artifactId>amps-test-pom</artifactId>
    <version>1.0</version>
    <packaging>atlassian-plugin</packaging>
    <name>AMPS Test POM</name>
    <dependencies>
        <dependency>
            <groupId>com.atlassian.plugins</groupId>
            <artifactId>test-artifact-1</artifactId>
            <version>1.0</version>
            <scope>provided</scope>
        </dependency>
        <dependency>
            <groupId>com.atlassian.plugins</groupId>
            <artifactId>test-artifact-2</artifactId>
            <version>1.1</version>
            <scope>provided</scope>
        </dependency>
    </dependencies>
    <build>
        <plugins>
            <plugin>
                <groupId>com.atlassian.maven.plugins</groupId>
                <artifactId>maven-amps-plugin</artifactId>
                <configuration>
                    <contextPath>${contextPath}</contextPath>
                </configuration>
            </plugin>
            <plugin>
                <artifactId>maven-surefire-plugin</artifactId>
                <configuration>
                    <junitArtifactName>junit:junit-dep</junitArtifactName>
                </configuration>
            </plugin>
        </plugins>
    </build>
</project>
